autoscan: warning: missing AC_CHECK_HEADER_STDBOOL wanted by: 
	game/resources/winchecker.c:70
	game/resources/winchecker.c:81
	game/resources/winchecker.c:84
	game/resources/winchecker.c:70
	game/resources/winchecker.c:84
autoscan: warning: missing AC_C_INLINE wanted by: 
	libs/edge.h:45
	libs/edge.h:54
	libs/edge.h:61
	libs/node.h:54
	libs/node.h:62
	libs/node.h:69
	libs/node.h:76
	game/resources/winchecker.c:254
	game/util/node.c:52
	game/util/node.c:70
	game/util/node.c:102
	game/util/node.c:118
	game/util/edge.c:46
	game/util/edge.c:58
	game/util/edge.c:75
autoscan: warning: missing AC_PROG_RANLIB wanted by: 
	build-aux/ltmain.sh:2455
