This file contains any messages produced by compilers while
running configure, to aid debugging if configure makes a mistake.

It was created by polarTTT configure 0.1, which was
generated by GNU Autoconf 2.69.  Invocation command line was

  $ ./configure 

## --------- ##
## Platform. ##
## --------- ##

hostname = khimes-TravelMate-X483
uname -m = i686
uname -r = 3.16.0-23-generic
uname -s = Linux
uname -v = #31-Ubuntu SMP Tue Oct 21 18:00:35 UTC 2014

/usr/bin/uname -p = unknown
/bin/uname -X     = unknown

/bin/arch              = unknown
/usr/bin/arch -k       = unknown
/usr/convex/getsysinfo = unknown
/usr/bin/hostinfo      = unknown
/bin/machine           = unknown
/usr/bin/oslevel       = unknown
/bin/universe          = unknown

PATH: /usr/local/sbin
PATH: /usr/local/bin
PATH: /usr/sbin
PATH: /usr/bin
PATH: /sbin
PATH: /bin
PATH: /usr/games
PATH: /usr/local/games
PATH: /home/khimes/TI-RTOS/gcc-arm-none-eabi-4_8-2014q1/bin


## ----------- ##
## Core tests. ##
## ----------- ##

configure:2665: checking build system type
configure:2679: result: i686-pc-linux-gnu
configure:2699: checking host system type
configure:2712: result: i686-pc-linux-gnu
configure:2751: checking for a BSD-compatible install
configure:2819: result: /usr/bin/install -c
configure:2830: checking whether build environment is sane
configure:2885: result: yes
configure:3036: checking for a thread-safe mkdir -p
configure:3075: result: /bin/mkdir -p
configure:3082: checking for gawk
configure:3112: result: no
configure:3082: checking for mawk
configure:3098: found /usr/bin/mawk
configure:3109: result: mawk
configure:3120: checking whether make sets $(MAKE)
configure:3142: result: yes
configure:3171: checking whether make supports nested variables
configure:3188: result: yes
configure:3268: checking whether UID '1000' is supported by ustar format
configure:3271: result: yes
configure:3278: checking whether GID '1000' is supported by ustar format
configure:3281: result: yes
configure:3289: checking how to create a ustar tar archive
configure:3300: tar --version
tar (GNU tar) 1.27.1
Copyright (C) 2013 Free Software Foundation, Inc.
License GPLv3+: GNU GPL version 3 or later <http://gnu.org/licenses/gpl.html>.
This is free software: you are free to change and redistribute it.
There is NO WARRANTY, to the extent permitted by law.

Written by John Gilmore and Jay Fenlason.
configure:3303: $? = 0
configure:3343: tardir=conftest.dir && eval tar --format=ustar -chf - "$tardir" >conftest.tar
configure:3346: $? = 0
configure:3350: tar -xf - <conftest.tar
configure:3353: $? = 0
configure:3355: cat conftest.dir/file
GrepMe
configure:3358: $? = 0
configure:3371: result: gnutar
configure:3480: checking how to print strings
configure:3507: result: printf
configure:3540: checking for style of include used by make
configure:3568: result: GNU
configure:3639: checking for gcc
configure:3666: result: clang
configure:3895: checking for C compiler version
configure:3904: clang --version >&5
Ubuntu clang version 3.5.0-4ubuntu2 (tags/RELEASE_350/final) (based on LLVM 3.5.0)
Target: i386-pc-linux-gnu
Thread model: posix
configure:3915: $? = 0
configure:3904: clang -v >&5
Ubuntu clang version 3.5.0-4ubuntu2 (tags/RELEASE_350/final) (based on LLVM 3.5.0)
Target: i386-pc-linux-gnu
Thread model: posix
Found candidate GCC installation: /usr/bin/../lib/gcc/i686-linux-gnu/4.7
Found candidate GCC installation: /usr/bin/../lib/gcc/i686-linux-gnu/4.7.4
Found candidate GCC installation: /usr/bin/../lib/gcc/i686-linux-gnu/4.8
Found candidate GCC installation: /usr/bin/../lib/gcc/i686-linux-gnu/4.8.3
Found candidate GCC installation: /usr/bin/../lib/gcc/i686-linux-gnu/4.9
Found candidate GCC installation: /usr/bin/../lib/gcc/i686-linux-gnu/4.9.1
Found candidate GCC installation: /usr/lib/gcc/i686-linux-gnu/4.7
... rest of stderr output deleted ...
configure:3915: $? = 0
configure:3904: clang -V >&5
clang: error: argument to '-V' is missing (expected 1 value)
clang: error: no input files
configure:3915: $? = 1
configure:3904: clang -qversion >&5
clang: error: unknown argument: '-qversion'
clang: error: no input files
configure:3915: $? = 1
configure:3935: checking whether the C compiler works
configure:3957: clang    conftest.c  >&5
configure:3961: $? = 0
configure:4009: result: yes
configure:4012: checking for C compiler default output file name
configure:4014: result: a.out
configure:4020: checking for suffix of executables
configure:4027: clang -o conftest    conftest.c  >&5
configure:4031: $? = 0
configure:4053: result: 
configure:4075: checking whether we are cross compiling
configure:4083: clang -o conftest    conftest.c  >&5
configure:4087: $? = 0
configure:4094: ./conftest
configure:4098: $? = 0
configure:4113: result: no
configure:4118: checking for suffix of object files
configure:4140: clang -c   conftest.c >&5
configure:4144: $? = 0
configure:4165: result: o
configure:4169: checking whether we are using the GNU C compiler
configure:4188: clang -c   conftest.c >&5
configure:4188: $? = 0
configure:4197: result: yes
configure:4206: checking whether clang accepts -g
configure:4226: clang -c -g  conftest.c >&5
configure:4226: $? = 0
configure:4267: result: yes
configure:4284: checking for clang option to accept ISO C89
configure:4347: clang  -c -g -O2  conftest.c >&5
configure:4347: $? = 0
configure:4360: result: none needed
configure:4385: checking whether clang understands -c and -o together
configure:4407: clang -c conftest.c -o conftest2.o
configure:4410: $? = 0
configure:4407: clang -c conftest.c -o conftest2.o
configure:4410: $? = 0
configure:4422: result: yes
configure:4441: checking dependency style of clang
configure:4552: result: gcc3
configure:4567: checking for a sed that does not truncate output
configure:4631: result: /bin/sed
configure:4649: checking for grep that handles long lines and -e
configure:4707: result: /bin/grep
configure:4712: checking for egrep
configure:4774: result: /bin/grep -E
configure:4779: checking for fgrep
configure:4841: result: /bin/grep -F
configure:4876: checking for ld used by clang
configure:4943: result: /usr/bin/ld
configure:4950: checking if the linker (/usr/bin/ld) is GNU ld
configure:4965: result: yes
configure:4977: checking for BSD- or MS-compatible name lister (nm)
configure:5026: result: /usr/bin/nm -B
configure:5156: checking the name lister (/usr/bin/nm -B) interface
configure:5163: clang -c -g -O2  conftest.c >&5
configure:5166: /usr/bin/nm -B "conftest.o"
configure:5169: output
00000000 N .Linfo_string0
00000053 N .Linfo_string1
0000005e N .Linfo_string2
000000be N .Linfo_string3
000000cc N .Linfo_string4
00000000 B some_variable
configure:5176: result: BSD nm
configure:5179: checking whether ln -s works
configure:5183: result: yes
configure:5191: checking the maximum length of command line arguments
configure:5322: result: 1572864
configure:5339: checking whether the shell understands some XSI constructs
configure:5349: result: yes
configure:5353: checking whether the shell understands "+="
configure:5359: result: yes
configure:5394: checking how to convert i686-pc-linux-gnu file names to i686-pc-linux-gnu format
configure:5434: result: func_convert_file_noop
configure:5441: checking how to convert i686-pc-linux-gnu file names to toolchain format
configure:5461: result: func_convert_file_noop
configure:5468: checking for /usr/bin/ld option to reload object files
configure:5475: result: -r
configure:5549: checking for objdump
configure:5565: found /usr/bin/objdump
configure:5576: result: objdump
configure:5608: checking how to recognize dependent libraries
configure:5806: result: pass_all
configure:5891: checking for dlltool
configure:5921: result: no
configure:5951: checking how to associate runtime and link libraries
configure:5978: result: printf %s\n
configure:6039: checking for ar
configure:6055: found /usr/bin/ar
configure:6066: result: ar
configure:6103: checking for archiver @FILE support
configure:6120: clang -c -g -O2  conftest.c >&5
configure:6120: $? = 0
configure:6123: ar cru libconftest.a @conftest.lst >&5
configure:6126: $? = 0
configure:6131: ar cru libconftest.a @conftest.lst >&5
ar: conftest.o: No such file or directory
configure:6134: $? = 1
configure:6146: result: @
configure:6204: checking for strip
configure:6220: found /usr/bin/strip
configure:6231: result: strip
configure:6303: checking for ranlib
configure:6319: found /usr/bin/ranlib
configure:6330: result: ranlib
configure:6432: checking command to parse /usr/bin/nm -B output from clang object
configure:6552: clang -c -g -O2  conftest.c >&5
configure:6555: $? = 0
configure:6559: /usr/bin/nm -B conftest.o \| sed -n -e 's/^.*[ ]\([ABCDGIRSTW][ABCDGIRSTW]*\)[ ][ ]*\([_A-Za-z][_A-Za-z0-9]*\)$/\1 \2 \2/p' | sed '/ __gnu_lto/d' \> conftest.nm
configure:6562: $? = 0
configure:6628: clang -o conftest -g -O2   conftest.c conftstm.o >&5
configure:6631: $? = 0
configure:6669: result: ok
configure:6706: checking for sysroot
configure:6736: result: no
configure:7005: checking for mt
configure:7021: found /bin/mt
configure:7032: result: mt
configure:7055: checking if mt is a manifest tool
configure:7061: mt '-?'
configure:7069: result: no
configure:7711: checking how to run the C preprocessor
configure:7742: clang -E  conftest.c
configure:7742: $? = 0
configure:7756: clang -E  conftest.c
conftest.c:9:10: fatal error: 'ac_nonexistent.h' file not found
#include <ac_nonexistent.h>
         ^
1 error generated.
configure:7756: $? = 1
configure: failed program was:
| /* confdefs.h */
| #define PACKAGE_NAME "polarTTT"
| #define PACKAGE_TARNAME "polarttt"
| #define PACKAGE_VERSION "0.1"
| #define PACKAGE_STRING "polarTTT 0.1"
| #define PACKAGE_BUGREPORT "https://github.com/kaleb-himes/kaleb_jacob_angelica"
| #define PACKAGE_URL ""
| /* end confdefs.h.  */
| #include <ac_nonexistent.h>
configure:7781: result: clang -E
configure:7801: clang -E  conftest.c
configure:7801: $? = 0
configure:7815: clang -E  conftest.c
conftest.c:9:10: fatal error: 'ac_nonexistent.h' file not found
#include <ac_nonexistent.h>
         ^
1 error generated.
configure:7815: $? = 1
configure: failed program was:
| /* confdefs.h */
| #define PACKAGE_NAME "polarTTT"
| #define PACKAGE_TARNAME "polarttt"
| #define PACKAGE_VERSION "0.1"
| #define PACKAGE_STRING "polarTTT 0.1"
| #define PACKAGE_BUGREPORT "https://github.com/kaleb-himes/kaleb_jacob_angelica"
| #define PACKAGE_URL ""
| /* end confdefs.h.  */
| #include <ac_nonexistent.h>
configure:7844: checking for ANSI C header files
configure:7864: clang -c -g -O2  conftest.c >&5
configure:7864: $? = 0
configure:7937: clang -o conftest -g -O2   conftest.c  >&5
configure:7937: $? = 0
configure:7937: ./conftest
configure:7937: $? = 0
configure:7948: result: yes
configure:7961: checking for sys/types.h
configure:7961: clang -c -g -O2  conftest.c >&5
configure:7961: $? = 0
configure:7961: result: yes
configure:7961: checking for sys/stat.h
configure:7961: clang -c -g -O2  conftest.c >&5
configure:7961: $? = 0
configure:7961: result: yes
configure:7961: checking for stdlib.h
configure:7961: clang -c -g -O2  conftest.c >&5
configure:7961: $? = 0
configure:7961: result: yes
configure:7961: checking for string.h
configure:7961: clang -c -g -O2  conftest.c >&5
configure:7961: $? = 0
configure:7961: result: yes
configure:7961: checking for memory.h
configure:7961: clang -c -g -O2  conftest.c >&5
configure:7961: $? = 0
configure:7961: result: yes
configure:7961: checking for strings.h
configure:7961: clang -c -g -O2  conftest.c >&5
configure:7961: $? = 0
configure:7961: result: yes
configure:7961: checking for inttypes.h
configure:7961: clang -c -g -O2  conftest.c >&5
configure:7961: $? = 0
configure:7961: result: yes
configure:7961: checking for stdint.h
configure:7961: clang -c -g -O2  conftest.c >&5
configure:7961: $? = 0
configure:7961: result: yes
configure:7961: checking for unistd.h
configure:7961: clang -c -g -O2  conftest.c >&5
configure:7961: $? = 0
configure:7961: result: yes
configure:7975: checking for dlfcn.h
configure:7975: clang -c -g -O2  conftest.c >&5
configure:7975: $? = 0
configure:7975: result: yes
configure:8180: checking for objdir
configure:8195: result: .libs
configure:8466: checking if clang supports -fno-rtti -fno-exceptions
configure:8484: clang -c -g -O2  -fno-rtti -fno-exceptions conftest.c >&5
configure:8488: $? = 0
configure:8501: result: yes
configure:8828: checking for clang option to produce PIC
configure:8835: result: -fPIC -DPIC
configure:8843: checking if clang PIC flag -fPIC -DPIC works
configure:8861: clang -c -g -O2  -fPIC -DPIC -DPIC conftest.c >&5
configure:8865: $? = 0
configure:8878: result: yes
configure:8907: checking if clang static flag -static works
configure:8935: result: yes
configure:8950: checking if clang supports -c -o file.o
configure:8971: clang -c -g -O2  -o out/conftest2.o conftest.c >&5
configure:8975: $? = 0
configure:8997: result: yes
configure:9005: checking if clang supports -c -o file.o
configure:9052: result: yes
configure:9085: checking whether the clang linker (/usr/bin/ld) supports shared libraries
configure:10242: result: yes
configure:10279: checking whether -lc should be explicitly linked in
configure:10287: clang -c -g -O2  conftest.c >&5
configure:10290: $? = 0
configure:10305: clang -shared  -fPIC -DPIC conftest.o  -v -Wl,-soname -Wl,conftest -o conftest 2\>\&1 \| /bin/grep  -lc  \>/dev/null 2\>\&1
configure:10308: $? = 0
configure:10322: result: no
configure:10482: checking dynamic linker characteristics
configure:10982: clang -o conftest -g -O2   -Wl,-rpath -Wl,/foo conftest.c  >&5
configure:10982: $? = 0
configure:11216: result: GNU/Linux ld.so
configure:11323: checking how to hardcode library paths into programs
configure:11348: result: immediate
configure:11888: checking whether stripping libraries is possible
configure:11893: result: yes
configure:11928: checking if libtool supports shared libraries
configure:11930: result: yes
configure:11933: checking whether to build shared libraries
configure:11954: result: yes
configure:11957: checking whether to build static libraries
configure:11961: result: no
configure:12056: checking for g++
configure:12072: found /usr/bin/g++
configure:12083: result: g++
configure:12110: checking for C++ compiler version
configure:12119: g++ --version >&5
g++ (Ubuntu 4.9.1-16ubuntu6) 4.9.1
Copyright (C) 2014 Free Software Foundation, Inc.
This is free software; see the source for copying conditions.  There is NO
warranty; not even for MERCHANTABILITY or FITNESS FOR A PARTICULAR PURPOSE.

configure:12130: $? = 0
configure:12119: g++ -v >&5
Using built-in specs.
COLLECT_GCC=g++
COLLECT_LTO_WRAPPER=/usr/lib/gcc/i686-linux-gnu/4.9/lto-wrapper
Target: i686-linux-gnu
Configured with: ../src/configure -v --with-pkgversion='Ubuntu 4.9.1-16ubuntu6' --with-bugurl=file:///usr/share/doc/gcc-4.9/README.Bugs --enable-languages=c,c++,java,go,d,fortran,objc,obj-c++ --prefix=/usr --program-suffix=-4.9 --enable-shared --enable-linker-build-id --libexecdir=/usr/lib --without-included-gettext --enable-threads=posix --with-gxx-include-dir=/usr/include/c++/4.9 --libdir=/usr/lib --enable-nls --with-sysroot=/ --enable-clocale=gnu --enable-libstdcxx-debug --enable-libstdcxx-time=yes --enable-gnu-unique-object --disable-vtable-verify --enable-plugin --with-system-zlib --disable-browser-plugin --enable-java-awt=gtk --enable-gtk-cairo --with-java-home=/usr/lib/jvm/java-1.5.0-gcj-4.9-i386/jre --enable-java-home --with-jvm-root-dir=/usr/lib/jvm/java-1.5.0-gcj-4.9-i386 --with-jvm-jar-dir=/usr/lib/jvm-exports/java-1.5.0-gcj-4.9-i386 --with-arch-directory=i386 --with-ecj-jar=/usr/share/java/eclipse-ecj.jar --enable-objc-gc --enable-targets=all --enable-multiarch --disable-werror --with-arch-32=i686 --with-multilib-list=m32,m64,mx32 --enable-multilib --with-tune=generic --enable-checking=release --build=i686-linux-gnu --host=i686-linux-gnu --target=i686-linux-gnu
Thread model: posix
gcc version 4.9.1 (Ubuntu 4.9.1-16ubuntu6) 
configure:12130: $? = 0
configure:12119: g++ -V >&5
g++: error: unrecognized command line option '-V'
g++: fatal error: no input files
compilation terminated.
configure:12130: $? = 4
configure:12119: g++ -qversion >&5
g++: error: unrecognized command line option '-qversion'
g++: fatal error: no input files
compilation terminated.
configure:12130: $? = 4
configure:12134: checking whether we are using the GNU C++ compiler
configure:12153: g++ -c   conftest.cpp >&5
configure:12153: $? = 0
configure:12162: result: yes
configure:12171: checking whether g++ accepts -g
configure:12191: g++ -c -g  conftest.cpp >&5
configure:12191: $? = 0
configure:12232: result: yes
configure:12257: checking dependency style of g++
configure:12368: result: gcc3
configure:12402: checking how to run the C++ preprocessor
configure:12429: g++ -E  conftest.cpp
configure:12429: $? = 0
configure:12443: g++ -E  conftest.cpp
conftest.cpp:21:28: fatal error: ac_nonexistent.h: No such file or directory
 #include <ac_nonexistent.h>
                            ^
compilation terminated.
configure:12443: $? = 1
configure: failed program was:
| /* confdefs.h */
| #define PACKAGE_NAME "polarTTT"
| #define PACKAGE_TARNAME "polarttt"
| #define PACKAGE_VERSION "0.1"
| #define PACKAGE_STRING "polarTTT 0.1"
| #define PACKAGE_BUGREPORT "https://github.com/kaleb-himes/kaleb_jacob_angelica"
| #define PACKAGE_URL ""
| #define STDC_HEADERS 1
| #define HAVE_SYS_TYPES_H 1
| #define HAVE_SYS_STAT_H 1
| #define HAVE_STDLIB_H 1
| #define HAVE_STRING_H 1
| #define HAVE_MEMORY_H 1
| #define HAVE_STRINGS_H 1
| #define HAVE_INTTYPES_H 1
| #define HAVE_STDINT_H 1
| #define HAVE_UNISTD_H 1
| #define HAVE_DLFCN_H 1
| #define LT_OBJDIR ".libs/"
| /* end confdefs.h.  */
| #include <ac_nonexistent.h>
configure:12468: result: g++ -E
configure:12488: g++ -E  conftest.cpp
configure:12488: $? = 0
configure:12502: g++ -E  conftest.cpp
conftest.cpp:21:28: fatal error: ac_nonexistent.h: No such file or directory
 #include <ac_nonexistent.h>
                            ^
compilation terminated.
configure:12502: $? = 1
configure: failed program was:
| /* confdefs.h */
| #define PACKAGE_NAME "polarTTT"
| #define PACKAGE_TARNAME "polarttt"
| #define PACKAGE_VERSION "0.1"
| #define PACKAGE_STRING "polarTTT 0.1"
| #define PACKAGE_BUGREPORT "https://github.com/kaleb-himes/kaleb_jacob_angelica"
| #define PACKAGE_URL ""
| #define STDC_HEADERS 1
| #define HAVE_SYS_TYPES_H 1
| #define HAVE_SYS_STAT_H 1
| #define HAVE_STDLIB_H 1
| #define HAVE_STRING_H 1
| #define HAVE_MEMORY_H 1
| #define HAVE_STRINGS_H 1
| #define HAVE_INTTYPES_H 1
| #define HAVE_STDINT_H 1
| #define HAVE_UNISTD_H 1
| #define HAVE_DLFCN_H 1
| #define LT_OBJDIR ".libs/"
| /* end confdefs.h.  */
| #include <ac_nonexistent.h>
configure:12671: checking for ld used by g++
configure:12738: result: /usr/bin/ld
configure:12745: checking if the linker (/usr/bin/ld) is GNU ld
configure:12760: result: yes
configure:12815: checking whether the g++ linker (/usr/bin/ld) supports shared libraries
configure:13817: result: yes
configure:13853: g++ -c -g -O2  conftest.cpp >&5
configure:13856: $? = 0
configure:14376: checking for g++ option to produce PIC
configure:14383: result: -fPIC -DPIC
configure:14391: checking if g++ PIC flag -fPIC -DPIC works
configure:14409: g++ -c -g -O2  -fPIC -DPIC -DPIC conftest.cpp >&5
configure:14413: $? = 0
configure:14426: result: yes
configure:14449: checking if g++ static flag -static works
configure:14477: result: yes
configure:14489: checking if g++ supports -c -o file.o
configure:14510: g++ -c -g -O2  -o out/conftest2.o conftest.cpp >&5
configure:14514: $? = 0
configure:14536: result: yes
configure:14541: checking if g++ supports -c -o file.o
configure:14588: result: yes
configure:14618: checking whether the g++ linker (/usr/bin/ld) supports shared libraries
configure:14657: result: yes
configure:14798: checking dynamic linker characteristics
configure:15466: result: GNU/Linux ld.so
configure:15519: checking how to hardcode library paths into programs
configure:15544: result: immediate
configure:15591: checking whether the -Werror option is usable
configure:15610: clang -c -g -O2 -Werror  conftest.c >&5
configure:15610: $? = 0
configure:15619: result: yes
configure:15621: checking for simple visibility declarations
configure:15648: clang -c -g -O2 -fvisibility=hidden -Werror  conftest.c >&5
configure:15648: $? = 0
configure:15657: result: yes
configure:15691: checking whether make supports nested variables
configure:15708: result: yes
configure:15833: checking for C++ compiler version
configure:15842: g++ --version >&5
g++ (Ubuntu 4.9.1-16ubuntu6) 4.9.1
Copyright (C) 2014 Free Software Foundation, Inc.
This is free software; see the source for copying conditions.  There is NO
warranty; not even for MERCHANTABILITY or FITNESS FOR A PARTICULAR PURPOSE.

configure:15853: $? = 0
configure:15842: g++ -v >&5
Using built-in specs.
COLLECT_GCC=g++
COLLECT_LTO_WRAPPER=/usr/lib/gcc/i686-linux-gnu/4.9/lto-wrapper
Target: i686-linux-gnu
Configured with: ../src/configure -v --with-pkgversion='Ubuntu 4.9.1-16ubuntu6' --with-bugurl=file:///usr/share/doc/gcc-4.9/README.Bugs --enable-languages=c,c++,java,go,d,fortran,objc,obj-c++ --prefix=/usr --program-suffix=-4.9 --enable-shared --enable-linker-build-id --libexecdir=/usr/lib --without-included-gettext --enable-threads=posix --with-gxx-include-dir=/usr/include/c++/4.9 --libdir=/usr/lib --enable-nls --with-sysroot=/ --enable-clocale=gnu --enable-libstdcxx-debug --enable-libstdcxx-time=yes --enable-gnu-unique-object --disable-vtable-verify --enable-plugin --with-system-zlib --disable-browser-plugin --enable-java-awt=gtk --enable-gtk-cairo --with-java-home=/usr/lib/jvm/java-1.5.0-gcj-4.9-i386/jre --enable-java-home --with-jvm-root-dir=/usr/lib/jvm/java-1.5.0-gcj-4.9-i386 --with-jvm-jar-dir=/usr/lib/jvm-exports/java-1.5.0-gcj-4.9-i386 --with-arch-directory=i386 --with-ecj-jar=/usr/share/java/eclipse-ecj.jar --enable-objc-gc --enable-targets=all --enable-multiarch --disable-werror --with-arch-32=i686 --with-multilib-list=m32,m64,mx32 --enable-multilib --with-tune=generic --enable-checking=release --build=i686-linux-gnu --host=i686-linux-gnu --target=i686-linux-gnu
Thread model: posix
gcc version 4.9.1 (Ubuntu 4.9.1-16ubuntu6) 
configure:15853: $? = 0
configure:15842: g++ -V >&5
g++: error: unrecognized command line option '-V'
g++: fatal error: no input files
compilation terminated.
configure:15853: $? = 4
configure:15842: g++ -qversion >&5
g++: error: unrecognized command line option '-qversion'
g++: fatal error: no input files
compilation terminated.
configure:15853: $? = 4
configure:15857: checking whether we are using the GNU C++ compiler
configure:15885: result: yes
configure:15894: checking whether g++ accepts -g
configure:15955: result: yes
configure:15980: checking dependency style of g++
configure:16091: result: gcc3
configure:16110: checking for gawk
configure:16137: result: mawk
configure:16196: checking for gcc
configure:16223: result: clang
configure:16452: checking for C compiler version
configure:16461: clang --version >&5
Ubuntu clang version 3.5.0-4ubuntu2 (tags/RELEASE_350/final) (based on LLVM 3.5.0)
Target: i386-pc-linux-gnu
Thread model: posix
configure:16472: $? = 0
configure:16461: clang -v >&5
Ubuntu clang version 3.5.0-4ubuntu2 (tags/RELEASE_350/final) (based on LLVM 3.5.0)
Target: i386-pc-linux-gnu
Thread model: posix
Found candidate GCC installation: /usr/bin/../lib/gcc/i686-linux-gnu/4.7
Found candidate GCC installation: /usr/bin/../lib/gcc/i686-linux-gnu/4.7.4
Found candidate GCC installation: /usr/bin/../lib/gcc/i686-linux-gnu/4.8
Found candidate GCC installation: /usr/bin/../lib/gcc/i686-linux-gnu/4.8.3
Found candidate GCC installation: /usr/bin/../lib/gcc/i686-linux-gnu/4.9
Found candidate GCC installation: /usr/bin/../lib/gcc/i686-linux-gnu/4.9.1
Found candidate GCC installation: /usr/lib/gcc/i686-linux-gnu/4.7
... rest of stderr output deleted ...
configure:16472: $? = 0
configure:16461: clang -V >&5
clang: error: argument to '-V' is missing (expected 1 value)
clang: error: no input files
configure:16472: $? = 1
configure:16461: clang -qversion >&5
clang: error: unknown argument: '-qversion'
clang: error: no input files
configure:16472: $? = 1
configure:16476: checking whether we are using the GNU C compiler
configure:16504: result: yes
configure:16513: checking whether clang accepts -g
configure:16574: result: yes
configure:16591: checking for clang option to accept ISO C89
configure:16667: result: none needed
configure:16692: checking whether clang understands -c and -o together
configure:16729: result: yes
configure:16748: checking dependency style of clang
configure:16859: result: gcc3
configure:16879: checking how to run the C preprocessor
configure:16949: result: clang -E
configure:16969: clang -E  -fvisibility=hidden conftest.c
configure:16969: $? = 0
configure:16983: clang -E  -fvisibility=hidden conftest.c
conftest.c:22:10: fatal error: 'ac_nonexistent.h' file not found
#include <ac_nonexistent.h>
         ^
1 error generated.
configure:16983: $? = 1
configure: failed program was:
| /* confdefs.h */
| #define PACKAGE_NAME "polarTTT"
| #define PACKAGE_TARNAME "polarttt"
| #define PACKAGE_VERSION "0.1"
| #define PACKAGE_STRING "polarTTT 0.1"
| #define PACKAGE_BUGREPORT "https://github.com/kaleb-himes/kaleb_jacob_angelica"
| #define PACKAGE_URL ""
| #define STDC_HEADERS 1
| #define HAVE_SYS_TYPES_H 1
| #define HAVE_SYS_STAT_H 1
| #define HAVE_STDLIB_H 1
| #define HAVE_STRING_H 1
| #define HAVE_MEMORY_H 1
| #define HAVE_STRINGS_H 1
| #define HAVE_INTTYPES_H 1
| #define HAVE_STDINT_H 1
| #define HAVE_UNISTD_H 1
| #define HAVE_DLFCN_H 1
| #define LT_OBJDIR ".libs/"
| #define HAVE_VISIBILITY 1
| /* end confdefs.h.  */
| #include <ac_nonexistent.h>
configure:17012: checking whether clang and cc understand -c and -o together
configure:17043: clang -c conftest.c -o conftest2.o >&5
configure:17047: $? = 0
configure:17053: clang -c conftest.c -o conftest2.o >&5
configure:17057: $? = 0
configure:17068: cc -c conftest.c >&5
configure:17072: $? = 0
configure:17080: cc -c conftest.c -o conftest2.o >&5
configure:17084: $? = 0
configure:17090: cc -c conftest.c -o conftest2.o >&5
configure:17094: $? = 0
configure:17112: result: yes
configure:17123: checking whether ln -s works
configure:17127: result: yes
configure:17134: checking whether make sets $(MAKE)
configure:17156: result: yes
configure:17168: checking for ANSI C header files
configure:17272: result: yes
configure:17284: checking size of long
configure:17289: clang -o conftest -g -O2  -fvisibility=hidden  conftest.c  >&5
configure:17289: $? = 0
configure:17289: ./conftest
configure:17289: $? = 0
configure:17303: result: 4
configure:17317: checking size of long long
configure:17322: clang -o conftest -g -O2  -fvisibility=hidden  conftest.c  >&5
configure:17322: $? = 0
configure:17322: ./conftest
configure:17322: $? = 0
configure:17336: result: 8
configure:17349: checking for gettimeofday
configure:17349: clang -o conftest -g -O2  -fvisibility=hidden  conftest.c  >&5
configure:17349: $? = 0
configure:17349: result: yes
configure:17349: checking for memset
configure:17349: clang -o conftest -g -O2  -fvisibility=hidden  conftest.c  >&5
conftest.c:49:6: warning: incompatible redeclaration of library function 'memset' [-Wincompatible-library-redeclaration]
char memset ();
     ^
conftest.c:49:6: note: 'memset' is a builtin with type 'void *(void *, int, unsigned int)'
1 warning generated.
configure:17349: $? = 0
configure:17349: result: yes
configure:17349: checking for alarm
configure:17349: clang -o conftest -g -O2  -fvisibility=hidden  conftest.c  >&5
configure:17349: $? = 0
configure:17349: result: yes
configure:17361: checking sys/time.h usability
configure:17361: clang -c -g -O2  -fvisibility=hidden conftest.c >&5
configure:17361: $? = 0
configure:17361: result: yes
configure:17361: checking sys/time.h presence
configure:17361: clang -E  -fvisibility=hidden conftest.c
configure:17361: $? = 0
configure:17361: result: yes
configure:17361: checking for sys/time.h
configure:17361: result: yes
configure:17361: checking for string.h
configure:17361: result: yes
configure:17361: checking termios.h usability
configure:17361: clang -c -g -O2  -fvisibility=hidden conftest.c >&5
configure:17361: $? = 0
configure:17361: result: yes
configure:17361: checking termios.h presence
configure:17361: clang -E  -fvisibility=hidden conftest.c
configure:17361: $? = 0
configure:17361: result: yes
configure:17361: checking for termios.h
configure:17361: result: yes
configure:17361: checking for unistd.h
configure:17361: result: yes
configure:17373: checking for stdlib.h
configure:17373: result: yes
configure:17383: checking for GNU libc compatible malloc
configure:17407: clang -o conftest -g -O2  -fvisibility=hidden  conftest.c  >&5
configure:17407: $? = 0
configure:17407: ./conftest
configure:17407: $? = 0
configure:17417: result: yes
configure:17440: checking for stdlib.h
configure:17440: result: yes
configure:17450: checking for GNU libc compatible realloc
configure:17474: clang -o conftest -g -O2  -fvisibility=hidden  conftest.c  >&5
configure:17474: $? = 0
configure:17474: ./conftest
configure:17474: $? = 0
configure:17484: result: yes
configure:17505: checking for int64_t
configure:17505: clang -c -g -O2  -fvisibility=hidden conftest.c >&5
configure:17505: $? = 0
configure:17505: clang -c -g -O2  -fvisibility=hidden conftest.c >&5
conftest.c:73:24: error: 'test_array' declared as an array with a negative size
static int test_array [1 - 2 * !((int64_t) (((((int64_t) 1 << N) << N) - 1) * 2 + 1)
                       ^~~~~~~~~~~~~~~~~~~~~~~~~~~~~~~~~~~~~~~~~~~~~~~~~~~~~~~~~~~~~
1 error generated.
configure:17505: $? = 1
configure: failed program was:
| /* confdefs.h */
| #define PACKAGE_NAME "polarTTT"
| #define PACKAGE_TARNAME "polarttt"
| #define PACKAGE_VERSION "0.1"
| #define PACKAGE_STRING "polarTTT 0.1"
| #define PACKAGE_BUGREPORT "https://github.com/kaleb-himes/kaleb_jacob_angelica"
| #define PACKAGE_URL ""
| #define STDC_HEADERS 1
| #define HAVE_SYS_TYPES_H 1
| #define HAVE_SYS_STAT_H 1
| #define HAVE_STDLIB_H 1
| #define HAVE_STRING_H 1
| #define HAVE_MEMORY_H 1
| #define HAVE_STRINGS_H 1
| #define HAVE_INTTYPES_H 1
| #define HAVE_STDINT_H 1
| #define HAVE_UNISTD_H 1
| #define HAVE_DLFCN_H 1
| #define LT_OBJDIR ".libs/"
| #define HAVE_VISIBILITY 1
| #define STDC_HEADERS 1
| #define SIZEOF_LONG 4
| #define SIZEOF_LONG_LONG 8
| #define HAVE_GETTIMEOFDAY 1
| #define HAVE_MEMSET 1
| #define HAVE_ALARM 1
| #define HAVE_SYS_TIME_H 1
| #define HAVE_STRING_H 1
| #define HAVE_TERMIOS_H 1
| #define HAVE_UNISTD_H 1
| #define HAVE_STDLIB_H 1
| #define HAVE_MALLOC 1
| #define HAVE_STDLIB_H 1
| #define HAVE_REALLOC 1
| /* end confdefs.h.  */
| #include <stdio.h>
| #ifdef HAVE_SYS_TYPES_H
| # include <sys/types.h>
| #endif
| #ifdef HAVE_SYS_STAT_H
| # include <sys/stat.h>
| #endif
| #ifdef STDC_HEADERS
| # include <stdlib.h>
| # include <stddef.h>
| #else
| # ifdef HAVE_STDLIB_H
| #  include <stdlib.h>
| # endif
| #endif
| #ifdef HAVE_STRING_H
| # if !defined STDC_HEADERS && defined HAVE_MEMORY_H
| #  include <memory.h>
| # endif
| # include <string.h>
| #endif
| #ifdef HAVE_STRINGS_H
| # include <strings.h>
| #endif
| #ifdef HAVE_INTTYPES_H
| # include <inttypes.h>
| #endif
| #ifdef HAVE_STDINT_H
| # include <stdint.h>
| #endif
| #ifdef HAVE_UNISTD_H
| # include <unistd.h>
| #endif
| 	        enum { N = 64 / 2 - 1 };
| int
| main ()
| {
| static int test_array [1 - 2 * !((int64_t) (((((int64_t) 1 << N) << N) - 1) * 2 + 1)
| 		 < (int64_t) (((((int64_t) 1 << N) << N) - 1) * 2 + 2))];
| test_array [0] = 0;
| return test_array [0];
| 
|   ;
|   return 0;
| }
configure:17505: result: yes
configure:17549: checking for debug
configure:17551: result: no
configure:17760: checking for the pthreads library -lpthreads
configure:17798: clang -o conftest    -fvisibility=hidden  conftest.c -lpthreads  >&5
/usr/bin/ld: cannot find -lpthreads
clang: error: linker command failed with exit code 1 (use -v to see invocation)
configure:17798: $? = 1
configure: failed program was:
| /* confdefs.h */
| #define PACKAGE_NAME "polarTTT"
| #define PACKAGE_TARNAME "polarttt"
| #define PACKAGE_VERSION "0.1"
| #define PACKAGE_STRING "polarTTT 0.1"
| #define PACKAGE_BUGREPORT "https://github.com/kaleb-himes/kaleb_jacob_angelica"
| #define PACKAGE_URL ""
| #define STDC_HEADERS 1
| #define HAVE_SYS_TYPES_H 1
| #define HAVE_SYS_STAT_H 1
| #define HAVE_STDLIB_H 1
| #define HAVE_STRING_H 1
| #define HAVE_MEMORY_H 1
| #define HAVE_STRINGS_H 1
| #define HAVE_INTTYPES_H 1
| #define HAVE_STDINT_H 1
| #define HAVE_UNISTD_H 1
| #define HAVE_DLFCN_H 1
| #define LT_OBJDIR ".libs/"
| #define HAVE_VISIBILITY 1
| #define STDC_HEADERS 1
| #define SIZEOF_LONG 4
| #define SIZEOF_LONG_LONG 8
| #define HAVE_GETTIMEOFDAY 1
| #define HAVE_MEMSET 1
| #define HAVE_ALARM 1
| #define HAVE_SYS_TIME_H 1
| #define HAVE_STRING_H 1
| #define HAVE_TERMIOS_H 1
| #define HAVE_UNISTD_H 1
| #define HAVE_STDLIB_H 1
| #define HAVE_MALLOC 1
| #define HAVE_STDLIB_H 1
| #define HAVE_REALLOC 1
| #define DEBUG 0
| /* end confdefs.h.  */
| #include <pthread.h>
|                         static void routine(void *a) { a = 0; }
|                         static void *start_routine(void *a) { return a; }
| int
| main ()
| {
| pthread_t th; pthread_attr_t attr;
|                         pthread_create(&th, 0, start_routine, 0);
|                         pthread_join(th, 0);
|                         pthread_attr_init(&attr);
|                         pthread_cleanup_push(routine, 0);
|                         pthread_cleanup_pop(0) /* ; */
|   ;
|   return 0;
| }
configure:17807: result: no
configure:17705: checking whether pthreads work without any flags
configure:17798: clang -o conftest    -fvisibility=hidden  conftest.c   >&5
/tmp/conftest-96bcd9.o: In function `main':
conftest.c:(.text+0x39): undefined reference to `pthread_create'
conftest.c:(.text+0x57): undefined reference to `pthread_join'
conftest.c:(.text+0xc8): undefined reference to `__pthread_register_cancel'
conftest.c:(.text+0xdf): undefined reference to `__pthread_unregister_cancel'
clang: error: linker command failed with exit code 1 (use -v to see invocation)
configure:17798: $? = 1
configure: failed program was:
| /* confdefs.h */
| #define PACKAGE_NAME "polarTTT"
| #define PACKAGE_TARNAME "polarttt"
| #define PACKAGE_VERSION "0.1"
| #define PACKAGE_STRING "polarTTT 0.1"
| #define PACKAGE_BUGREPORT "https://github.com/kaleb-himes/kaleb_jacob_angelica"
| #define PACKAGE_URL ""
| #define STDC_HEADERS 1
| #define HAVE_SYS_TYPES_H 1
| #define HAVE_SYS_STAT_H 1
| #define HAVE_STDLIB_H 1
| #define HAVE_STRING_H 1
| #define HAVE_MEMORY_H 1
| #define HAVE_STRINGS_H 1
| #define HAVE_INTTYPES_H 1
| #define HAVE_STDINT_H 1
| #define HAVE_UNISTD_H 1
| #define HAVE_DLFCN_H 1
| #define LT_OBJDIR ".libs/"
| #define HAVE_VISIBILITY 1
| #define STDC_HEADERS 1
| #define SIZEOF_LONG 4
| #define SIZEOF_LONG_LONG 8
| #define HAVE_GETTIMEOFDAY 1
| #define HAVE_MEMSET 1
| #define HAVE_ALARM 1
| #define HAVE_SYS_TIME_H 1
| #define HAVE_STRING_H 1
| #define HAVE_TERMIOS_H 1
| #define HAVE_UNISTD_H 1
| #define HAVE_STDLIB_H 1
| #define HAVE_MALLOC 1
| #define HAVE_STDLIB_H 1
| #define HAVE_REALLOC 1
| #define DEBUG 0
| /* end confdefs.h.  */
| #include <pthread.h>
|                         static void routine(void *a) { a = 0; }
|                         static void *start_routine(void *a) { return a; }
| int
| main ()
| {
| pthread_t th; pthread_attr_t attr;
|                         pthread_create(&th, 0, start_routine, 0);
|                         pthread_join(th, 0);
|                         pthread_attr_init(&attr);
|                         pthread_cleanup_push(routine, 0);
|                         pthread_cleanup_pop(0) /* ; */
|   ;
|   return 0;
| }
configure:17807: result: no
configure:17710: checking whether pthreads work with -Kthread
configure:17798: clang -o conftest  -Kthread  -fvisibility=hidden  conftest.c   >&5
clang: error: unknown argument: '-Kthread'
configure:17798: $? = 1
configure: failed program was:
| /* confdefs.h */
| #define PACKAGE_NAME "polarTTT"
| #define PACKAGE_TARNAME "polarttt"
| #define PACKAGE_VERSION "0.1"
| #define PACKAGE_STRING "polarTTT 0.1"
| #define PACKAGE_BUGREPORT "https://github.com/kaleb-himes/kaleb_jacob_angelica"
| #define PACKAGE_URL ""
| #define STDC_HEADERS 1
| #define HAVE_SYS_TYPES_H 1
| #define HAVE_SYS_STAT_H 1
| #define HAVE_STDLIB_H 1
| #define HAVE_STRING_H 1
| #define HAVE_MEMORY_H 1
| #define HAVE_STRINGS_H 1
| #define HAVE_INTTYPES_H 1
| #define HAVE_STDINT_H 1
| #define HAVE_UNISTD_H 1
| #define HAVE_DLFCN_H 1
| #define LT_OBJDIR ".libs/"
| #define HAVE_VISIBILITY 1
| #define STDC_HEADERS 1
| #define SIZEOF_LONG 4
| #define SIZEOF_LONG_LONG 8
| #define HAVE_GETTIMEOFDAY 1
| #define HAVE_MEMSET 1
| #define HAVE_ALARM 1
| #define HAVE_SYS_TIME_H 1
| #define HAVE_STRING_H 1
| #define HAVE_TERMIOS_H 1
| #define HAVE_UNISTD_H 1
| #define HAVE_STDLIB_H 1
| #define HAVE_MALLOC 1
| #define HAVE_STDLIB_H 1
| #define HAVE_REALLOC 1
| #define DEBUG 0
| /* end confdefs.h.  */
| #include <pthread.h>
|                         static void routine(void *a) { a = 0; }
|                         static void *start_routine(void *a) { return a; }
| int
| main ()
| {
| pthread_t th; pthread_attr_t attr;
|                         pthread_create(&th, 0, start_routine, 0);
|                         pthread_join(th, 0);
|                         pthread_attr_init(&attr);
|                         pthread_cleanup_push(routine, 0);
|                         pthread_cleanup_pop(0) /* ; */
|   ;
|   return 0;
| }
configure:17807: result: no
configure:17710: checking whether pthreads work with -kthread
configure:17798: clang -o conftest  -kthread  -fvisibility=hidden  conftest.c   >&5
clang: error: unknown argument: '-kthread'
configure:17798: $? = 1
configure: failed program was:
| /* confdefs.h */
| #define PACKAGE_NAME "polarTTT"
| #define PACKAGE_TARNAME "polarttt"
| #define PACKAGE_VERSION "0.1"
| #define PACKAGE_STRING "polarTTT 0.1"
| #define PACKAGE_BUGREPORT "https://github.com/kaleb-himes/kaleb_jacob_angelica"
| #define PACKAGE_URL ""
| #define STDC_HEADERS 1
| #define HAVE_SYS_TYPES_H 1
| #define HAVE_SYS_STAT_H 1
| #define HAVE_STDLIB_H 1
| #define HAVE_STRING_H 1
| #define HAVE_MEMORY_H 1
| #define HAVE_STRINGS_H 1
| #define HAVE_INTTYPES_H 1
| #define HAVE_STDINT_H 1
| #define HAVE_UNISTD_H 1
| #define HAVE_DLFCN_H 1
| #define LT_OBJDIR ".libs/"
| #define HAVE_VISIBILITY 1
| #define STDC_HEADERS 1
| #define SIZEOF_LONG 4
| #define SIZEOF_LONG_LONG 8
| #define HAVE_GETTIMEOFDAY 1
| #define HAVE_MEMSET 1
| #define HAVE_ALARM 1
| #define HAVE_SYS_TIME_H 1
| #define HAVE_STRING_H 1
| #define HAVE_TERMIOS_H 1
| #define HAVE_UNISTD_H 1
| #define HAVE_STDLIB_H 1
| #define HAVE_MALLOC 1
| #define HAVE_STDLIB_H 1
| #define HAVE_REALLOC 1
| #define DEBUG 0
| /* end confdefs.h.  */
| #include <pthread.h>
|                         static void routine(void *a) { a = 0; }
|                         static void *start_routine(void *a) { return a; }
| int
| main ()
| {
| pthread_t th; pthread_attr_t attr;
|                         pthread_create(&th, 0, start_routine, 0);
|                         pthread_join(th, 0);
|                         pthread_attr_init(&attr);
|                         pthread_cleanup_push(routine, 0);
|                         pthread_cleanup_pop(0) /* ; */
|   ;
|   return 0;
| }
configure:17807: result: no
configure:17760: checking for the pthreads library -llthread
configure:17798: clang -o conftest    -fvisibility=hidden  conftest.c -llthread  >&5
/usr/bin/ld: cannot find -llthread
clang: error: linker command failed with exit code 1 (use -v to see invocation)
configure:17798: $? = 1
configure: failed program was:
| /* confdefs.h */
| #define PACKAGE_NAME "polarTTT"
| #define PACKAGE_TARNAME "polarttt"
| #define PACKAGE_VERSION "0.1"
| #define PACKAGE_STRING "polarTTT 0.1"
| #define PACKAGE_BUGREPORT "https://github.com/kaleb-himes/kaleb_jacob_angelica"
| #define PACKAGE_URL ""
| #define STDC_HEADERS 1
| #define HAVE_SYS_TYPES_H 1
| #define HAVE_SYS_STAT_H 1
| #define HAVE_STDLIB_H 1
| #define HAVE_STRING_H 1
| #define HAVE_MEMORY_H 1
| #define HAVE_STRINGS_H 1
| #define HAVE_INTTYPES_H 1
| #define HAVE_STDINT_H 1
| #define HAVE_UNISTD_H 1
| #define HAVE_DLFCN_H 1
| #define LT_OBJDIR ".libs/"
| #define HAVE_VISIBILITY 1
| #define STDC_HEADERS 1
| #define SIZEOF_LONG 4
| #define SIZEOF_LONG_LONG 8
| #define HAVE_GETTIMEOFDAY 1
| #define HAVE_MEMSET 1
| #define HAVE_ALARM 1
| #define HAVE_SYS_TIME_H 1
| #define HAVE_STRING_H 1
| #define HAVE_TERMIOS_H 1
| #define HAVE_UNISTD_H 1
| #define HAVE_STDLIB_H 1
| #define HAVE_MALLOC 1
| #define HAVE_STDLIB_H 1
| #define HAVE_REALLOC 1
| #define DEBUG 0
| /* end confdefs.h.  */
| #include <pthread.h>
|                         static void routine(void *a) { a = 0; }
|                         static void *start_routine(void *a) { return a; }
| int
| main ()
| {
| pthread_t th; pthread_attr_t attr;
|                         pthread_create(&th, 0, start_routine, 0);
|                         pthread_join(th, 0);
|                         pthread_attr_init(&attr);
|                         pthread_cleanup_push(routine, 0);
|                         pthread_cleanup_pop(0) /* ; */
|   ;
|   return 0;
| }
configure:17807: result: no
configure:17710: checking whether pthreads work with -pthread
configure:17798: clang -o conftest  -pthread  -fvisibility=hidden  conftest.c   >&5
configure:17798: $? = 0
configure:17807: result: yes
configure:17826: checking for joinable pthread attribute
configure:17841: clang -o conftest  -pthread  -fvisibility=hidden  conftest.c   >&5
configure:17841: $? = 0
configure:17847: result: PTHREAD_CREATE_JOINABLE
configure:17857: checking if more special flags are required for pthreads
configure:17871: result: no
configure:17877: checking for PTHREAD_PRIO_INHERIT
configure:17895: clang -o conftest  -pthread  -fvisibility=hidden  conftest.c   >&5
configure:17895: $? = 0
configure:17904: result: yes
configure:18026: checking whether C compiler accepts 
configure:18045: clang -c     -fvisibility=hidden conftest.c >&5
configure:18045: $? = 0
configure:18053: result: yes
configure:18064: : CFLAGS already contains 
configure:18067: $? = 0
configure:18146: checking whether the linker accepts 
configure:18165: clang -o conftest   -fvisibility=hidden    conftest.c   >&5
configure:18165: $? = 0
configure:18174: result: yes
configure:18182: checking for vcs system
configure:18202: result: none
configure:18211: checking for vcs checkout
configure:18223: result: no
configure:18294: checking whether the linker accepts -Werror
configure:18313: clang -o conftest   -fvisibility=hidden   -Werror conftest.c   >&5
configure:18313: $? = 0
configure:18322: result: yes
configure:18336: checking whether the linker accepts -z relro -z now
configure:18355: clang -o conftest   -fvisibility=hidden  -Werror -z relro -z now conftest.c   >&5
configure:18355: $? = 0
configure:18365: result: yes
configure:18377: checking whether the linker accepts -pie
configure:18396: clang -o conftest   -fvisibility=hidden  -Werror -pie conftest.c   >&5
configure:18396: $? = 0
configure:18406: result: yes
configure:18506: checking whether C compiler accepts -Werror
configure:18525: clang -c   -Werror  -fvisibility=hidden conftest.c >&5
configure:18525: $? = 0
configure:18534: result: yes
configure:18547: : ax_append_compile_cflags_extra="$ax_append_compile_cflags_extra $flag"
configure:18550: $? = 0
configure:18766: checking whether C compiler accepts -Wno-pragmas
configure:18785: clang -c   -Werror -Wno-pragmas  -fvisibility=hidden conftest.c >&5
configure:18785: $? = 0
configure:18794: result: yes
configure:18807: : CFLAGS="$CFLAGS $flag"
configure:18810: $? = 0
configure:18830: checking whether C compiler accepts -Wall
configure:18849: clang -c  -Wno-pragmas  -Werror -Wall  -fvisibility=hidden conftest.c >&5
configure:18849: $? = 0
configure:18858: result: yes
configure:18871: : CFLAGS="$CFLAGS $flag"
configure:18874: $? = 0
configure:18893: checking whether C compiler accepts -Wno-strict-aliasing
configure:18912: clang -c  -Wno-pragmas -Wall  -Wno-strict-aliasing  -fvisibility=hidden conftest.c >&5
configure:18912: $? = 0
configure:18921: result: yes
configure:18934: : CFLAGS="$CFLAGS $flag"
configure:18937: $? = 0
configure:18956: checking whether C compiler accepts -Wextra
configure:18975: clang -c  -Wno-pragmas -Wall -Wno-strict-aliasing  -Werror -Wextra  -fvisibility=hidden conftest.c >&5
configure:18975: $? = 0
configure:18984: result: yes
configure:18997: : CFLAGS="$CFLAGS $flag"
configure:19000: $? = 0
configure:19019: checking whether C compiler accepts -Wunknown-pragmas
configure:19038: clang -c  -Wno-pragmas -Wall -Wno-strict-aliasing -Wextra  -Werror -Wunknown-pragmas  -fvisibility=hidden conftest.c >&5
configure:19038: $? = 0
configure:19047: result: yes
configure:19060: : CFLAGS="$CFLAGS $flag"
configure:19063: $? = 0
configure:19082: checking whether C compiler accepts -Wthis-test-should-fail
configure:19101: clang -c  -Wno-pragmas -Wall -Wno-strict-aliasing -Wextra -Wunknown-pragmas  -Werror -Wthis-test-should-fail  -fvisibility=hidden conftest.c >&5
error: unknown warning option '-Wthis-test-should-fail'; did you mean '-Wmismatched-tags'? [-Werror,-Wunknown-warning-option]
configure:19101: $? = 1
configure: failed program was:
| /* confdefs.h */
| #define PACKAGE_NAME "polarTTT"
| #define PACKAGE_TARNAME "polarttt"
| #define PACKAGE_VERSION "0.1"
| #define PACKAGE_STRING "polarTTT 0.1"
| #define PACKAGE_BUGREPORT "https://github.com/kaleb-himes/kaleb_jacob_angelica"
| #define PACKAGE_URL ""
| #define STDC_HEADERS 1
| #define HAVE_SYS_TYPES_H 1
| #define HAVE_SYS_STAT_H 1
| #define HAVE_STDLIB_H 1
| #define HAVE_STRING_H 1
| #define HAVE_MEMORY_H 1
| #define HAVE_STRINGS_H 1
| #define HAVE_INTTYPES_H 1
| #define HAVE_STDINT_H 1
| #define HAVE_UNISTD_H 1
| #define HAVE_DLFCN_H 1
| #define LT_OBJDIR ".libs/"
| #define HAVE_VISIBILITY 1
| #define STDC_HEADERS 1
| #define SIZEOF_LONG 4
| #define SIZEOF_LONG_LONG 8
| #define HAVE_GETTIMEOFDAY 1
| #define HAVE_MEMSET 1
| #define HAVE_ALARM 1
| #define HAVE_SYS_TIME_H 1
| #define HAVE_STRING_H 1
| #define HAVE_TERMIOS_H 1
| #define HAVE_UNISTD_H 1
| #define HAVE_STDLIB_H 1
| #define HAVE_MALLOC 1
| #define HAVE_STDLIB_H 1
| #define HAVE_REALLOC 1
| #define DEBUG 0
| #define HAVE_PTHREAD_PRIO_INHERIT 1
| #define HAVE_PTHREAD 1
| #define VCS_SYSTEM "none"
| #define VCS_CHECKOUT 0
| /* end confdefs.h.  */
| 
| int
| main ()
| {
| 
|   ;
|   return 0;
| }
configure:19110: result: no
configure:19214: checking whether C compiler accepts -Waddress
configure:19233: clang -c  -Wno-pragmas -Wall -Wno-strict-aliasing -Wextra -Wunknown-pragmas  -Werror -Waddress  -fvisibility=hidden conftest.c >&5
configure:19233: $? = 0
configure:19242: result: yes
configure:19255: : CFLAGS="$CFLAGS $flag"
configure:19258: $? = 0
configure:19277: checking whether C compiler accepts -Warray-bounds
configure:19296: clang -c  -Wno-pragmas -Wall -Wno-strict-aliasing -Wextra -Wunknown-pragmas -Waddress  -Werror -Warray-bounds  -fvisibility=hidden conftest.c >&5
configure:19296: $? = 0
configure:19305: result: yes
configure:19318: : CFLAGS="$CFLAGS $flag"
configure:19321: $? = 0
configure:19340: checking whether C compiler accepts -Wbad-function-cast
configure:19359: clang -c  -Wno-pragmas -Wall -Wno-strict-aliasing -Wextra -Wunknown-pragmas -Waddress -Warray-bounds  -Werror -Wbad-function-cast  -fvisibility=hidden conftest.c >&5
configure:19359: $? = 0
configure:19368: result: yes
configure:19381: : CFLAGS="$CFLAGS $flag"
configure:19384: $? = 0
configure:19403: checking whether C compiler accepts -Wchar-subscripts
configure:19422: clang -c  -Wno-pragmas -Wall -Wno-strict-aliasing -Wextra -Wunknown-pragmas -Waddress -Warray-bounds -Wbad-function-cast  -Werror -Wchar-subscripts  -fvisibility=hidden conftest.c >&5
configure:19422: $? = 0
configure:19431: result: yes
configure:19444: : CFLAGS="$CFLAGS $flag"
configure:19447: $? = 0
configure:19466: checking whether C compiler accepts -Wcomment
configure:19485: clang -c  -Wno-pragmas -Wall -Wno-strict-aliasing -Wextra -Wunknown-pragmas -Waddress -Warray-bounds -Wbad-function-cast -Wchar-subscripts  -Werror -Wcomment  -fvisibility=hidden conftest.c >&5
configure:19485: $? = 0
configure:19494: result: yes
configure:19507: : CFLAGS="$CFLAGS $flag"
configure:19510: $? = 0
configure:19529: checking whether C compiler accepts -Wfloat-equal
configure:19548: clang -c  -Wno-pragmas -Wall -Wno-strict-aliasing -Wextra -Wunknown-pragmas -Waddress -Warray-bounds -Wbad-function-cast -Wchar-subscripts -Wcomment  -Werror -Wfloat-equal  -fvisibility=hidden conftest.c >&5
configure:19548: $? = 0
configure:19557: result: yes
configure:19570: : CFLAGS="$CFLAGS $flag"
configure:19573: $? = 0
configure:19592: checking whether C compiler accepts -Wformat-security
configure:19611: clang -c  -Wno-pragmas -Wall -Wno-strict-aliasing -Wextra -Wunknown-pragmas -Waddress -Warray-bounds -Wbad-function-cast -Wchar-subscripts -Wcomment -Wfloat-equal  -Werror -Wformat-security  -fvisibility=hidden conftest.c >&5
configure:19611: $? = 0
configure:19620: result: yes
configure:19633: : CFLAGS="$CFLAGS $flag"
configure:19636: $? = 0
configure:19655: checking whether C compiler accepts -Wformat=2
configure:19674: clang -c  -Wno-pragmas -Wall -Wno-strict-aliasing -Wextra -Wunknown-pragmas -Waddress -Warray-bounds -Wbad-function-cast -Wchar-subscripts -Wcomment -Wfloat-equal -Wformat-security  -Werror -Wformat=2  -fvisibility=hidden conftest.c >&5
configure:19674: $? = 0
configure:19683: result: yes
configure:19696: : CFLAGS="$CFLAGS $flag"
configure:19699: $? = 0
configure:19718: checking whether C compiler accepts -Wmaybe-uninitialized
configure:19737: clang -c  -Wno-pragmas -Wall -Wno-strict-aliasing -Wextra -Wunknown-pragmas -Waddress -Warray-bounds -Wbad-function-cast -Wchar-subscripts -Wcomment -Wfloat-equal -Wformat-security -Wformat=2  -Werror -Wmaybe-uninitialized  -fvisibility=hidden conftest.c >&5
error: unknown warning option '-Wmaybe-uninitialized'; did you mean '-Wuninitialized'? [-Werror,-Wunknown-warning-option]
configure:19737: $? = 1
configure: failed program was:
| /* confdefs.h */
| #define PACKAGE_NAME "polarTTT"
| #define PACKAGE_TARNAME "polarttt"
| #define PACKAGE_VERSION "0.1"
| #define PACKAGE_STRING "polarTTT 0.1"
| #define PACKAGE_BUGREPORT "https://github.com/kaleb-himes/kaleb_jacob_angelica"
| #define PACKAGE_URL ""
| #define STDC_HEADERS 1
| #define HAVE_SYS_TYPES_H 1
| #define HAVE_SYS_STAT_H 1
| #define HAVE_STDLIB_H 1
| #define HAVE_STRING_H 1
| #define HAVE_MEMORY_H 1
| #define HAVE_STRINGS_H 1
| #define HAVE_INTTYPES_H 1
| #define HAVE_STDINT_H 1
| #define HAVE_UNISTD_H 1
| #define HAVE_DLFCN_H 1
| #define LT_OBJDIR ".libs/"
| #define HAVE_VISIBILITY 1
| #define STDC_HEADERS 1
| #define SIZEOF_LONG 4
| #define SIZEOF_LONG_LONG 8
| #define HAVE_GETTIMEOFDAY 1
| #define HAVE_MEMSET 1
| #define HAVE_ALARM 1
| #define HAVE_SYS_TIME_H 1
| #define HAVE_STRING_H 1
| #define HAVE_TERMIOS_H 1
| #define HAVE_UNISTD_H 1
| #define HAVE_STDLIB_H 1
| #define HAVE_MALLOC 1
| #define HAVE_STDLIB_H 1
| #define HAVE_REALLOC 1
| #define DEBUG 0
| #define HAVE_PTHREAD_PRIO_INHERIT 1
| #define HAVE_PTHREAD 1
| #define VCS_SYSTEM "none"
| #define VCS_CHECKOUT 0
| /* end confdefs.h.  */
| 
| int
| main ()
| {
| 
|   ;
|   return 0;
| }
configure:19746: result: no
configure:19781: checking whether C compiler accepts -Wmissing-field-initializers
configure:19800: clang -c  -Wno-pragmas -Wall -Wno-strict-aliasing -Wextra -Wunknown-pragmas -Waddress -Warray-bounds -Wbad-function-cast -Wchar-subscripts -Wcomment -Wfloat-equal -Wformat-security -Wformat=2  -Werror -Wmissing-field-initializers  -fvisibility=hidden conftest.c >&5
configure:19800: $? = 0
configure:19809: result: yes
configure:19822: : CFLAGS="$CFLAGS $flag"
configure:19825: $? = 0
configure:19844: checking whether C compiler accepts -Wmissing-noreturn
configure:19863: clang -c  -Wno-pragmas -Wall -Wno-strict-aliasing -Wextra -Wunknown-pragmas -Waddress -Warray-bounds -Wbad-function-cast -Wchar-subscripts -Wcomment -Wfloat-equal -Wformat-security -Wformat=2 -Wmissing-field-initializers  -Werror -Wmissing-noreturn  -fvisibility=hidden conftest.c >&5
configure:19863: $? = 0
configure:19872: result: yes
configure:19885: : CFLAGS="$CFLAGS $flag"
configure:19888: $? = 0
configure:19907: checking whether C compiler accepts -Wmissing-prototypes
configure:19926: clang -c  -Wno-pragmas -Wall -Wno-strict-aliasing -Wextra -Wunknown-pragmas -Waddress -Warray-bounds -Wbad-function-cast -Wchar-subscripts -Wcomment -Wfloat-equal -Wformat-security -Wformat=2 -Wmissing-field-initializers -Wmissing-noreturn  -Werror -Wmissing-prototypes  -fvisibility=hidden conftest.c >&5
configure:19926: $? = 0
configure:19935: result: yes
configure:19948: : CFLAGS="$CFLAGS $flag"
configure:19951: $? = 0
configure:19970: checking whether C compiler accepts -Wnested-externs
configure:19989: clang -c  -Wno-pragmas -Wall -Wno-strict-aliasing -Wextra -Wunknown-pragmas -Waddress -Warray-bounds -Wbad-function-cast -Wchar-subscripts -Wcomment -Wfloat-equal -Wformat-security -Wformat=2 -Wmissing-field-initializers -Wmissing-noreturn -Wmissing-prototypes  -Werror -Wnested-externs  -fvisibility=hidden conftest.c >&5
configure:19989: $? = 0
configure:19998: result: yes
configure:20011: : CFLAGS="$CFLAGS $flag"
configure:20014: $? = 0
configure:20033: checking whether C compiler accepts -Wnormalized=id
configure:20052: clang -c  -Wno-pragmas -Wall -Wno-strict-aliasing -Wextra -Wunknown-pragmas -Waddress -Warray-bounds -Wbad-function-cast -Wchar-subscripts -Wcomment -Wfloat-equal -Wformat-security -Wformat=2 -Wmissing-field-initializers -Wmissing-noreturn -Wmissing-prototypes -Wnested-externs  -Werror -Wnormalized=id  -fvisibility=hidden conftest.c >&5
error: unknown warning option '-Wnormalized=id'; did you mean '-Wformat=2'? [-Werror,-Wunknown-warning-option]
configure:20052: $? = 1
configure: failed program was:
| /* confdefs.h */
| #define PACKAGE_NAME "polarTTT"
| #define PACKAGE_TARNAME "polarttt"
| #define PACKAGE_VERSION "0.1"
| #define PACKAGE_STRING "polarTTT 0.1"
| #define PACKAGE_BUGREPORT "https://github.com/kaleb-himes/kaleb_jacob_angelica"
| #define PACKAGE_URL ""
| #define STDC_HEADERS 1
| #define HAVE_SYS_TYPES_H 1
| #define HAVE_SYS_STAT_H 1
| #define HAVE_STDLIB_H 1
| #define HAVE_STRING_H 1
| #define HAVE_MEMORY_H 1
| #define HAVE_STRINGS_H 1
| #define HAVE_INTTYPES_H 1
| #define HAVE_STDINT_H 1
| #define HAVE_UNISTD_H 1
| #define HAVE_DLFCN_H 1
| #define LT_OBJDIR ".libs/"
| #define HAVE_VISIBILITY 1
| #define STDC_HEADERS 1
| #define SIZEOF_LONG 4
| #define SIZEOF_LONG_LONG 8
| #define HAVE_GETTIMEOFDAY 1
| #define HAVE_MEMSET 1
| #define HAVE_ALARM 1
| #define HAVE_SYS_TIME_H 1
| #define HAVE_STRING_H 1
| #define HAVE_TERMIOS_H 1
| #define HAVE_UNISTD_H 1
| #define HAVE_STDLIB_H 1
| #define HAVE_MALLOC 1
| #define HAVE_STDLIB_H 1
| #define HAVE_REALLOC 1
| #define DEBUG 0
| #define HAVE_PTHREAD_PRIO_INHERIT 1
| #define HAVE_PTHREAD 1
| #define VCS_SYSTEM "none"
| #define VCS_CHECKOUT 0
| /* end confdefs.h.  */
| 
| int
| main ()
| {
| 
|   ;
|   return 0;
| }
configure:20061: result: no
configure:20096: checking whether C compiler accepts -Woverride-init
configure:20115: clang -c  -Wno-pragmas -Wall -Wno-strict-aliasing -Wextra -Wunknown-pragmas -Waddress -Warray-bounds -Wbad-function-cast -Wchar-subscripts -Wcomment -Wfloat-equal -Wformat-security -Wformat=2 -Wmissing-field-initializers -Wmissing-noreturn -Wmissing-prototypes -Wnested-externs  -Werror -Woverride-init  -fvisibility=hidden conftest.c >&5
error: unknown warning option '-Woverride-init' [-Werror,-Wunknown-warning-option]
configure:20115: $? = 1
configure: failed program was:
| /* confdefs.h */
| #define PACKAGE_NAME "polarTTT"
| #define PACKAGE_TARNAME "polarttt"
| #define PACKAGE_VERSION "0.1"
| #define PACKAGE_STRING "polarTTT 0.1"
| #define PACKAGE_BUGREPORT "https://github.com/kaleb-himes/kaleb_jacob_angelica"
| #define PACKAGE_URL ""
| #define STDC_HEADERS 1
| #define HAVE_SYS_TYPES_H 1
| #define HAVE_SYS_STAT_H 1
| #define HAVE_STDLIB_H 1
| #define HAVE_STRING_H 1
| #define HAVE_MEMORY_H 1
| #define HAVE_STRINGS_H 1
| #define HAVE_INTTYPES_H 1
| #define HAVE_STDINT_H 1
| #define HAVE_UNISTD_H 1
| #define HAVE_DLFCN_H 1
| #define LT_OBJDIR ".libs/"
| #define HAVE_VISIBILITY 1
| #define STDC_HEADERS 1
| #define SIZEOF_LONG 4
| #define SIZEOF_LONG_LONG 8
| #define HAVE_GETTIMEOFDAY 1
| #define HAVE_MEMSET 1
| #define HAVE_ALARM 1
| #define HAVE_SYS_TIME_H 1
| #define HAVE_STRING_H 1
| #define HAVE_TERMIOS_H 1
| #define HAVE_UNISTD_H 1
| #define HAVE_STDLIB_H 1
| #define HAVE_MALLOC 1
| #define HAVE_STDLIB_H 1
| #define HAVE_REALLOC 1
| #define DEBUG 0
| #define HAVE_PTHREAD_PRIO_INHERIT 1
| #define HAVE_PTHREAD 1
| #define VCS_SYSTEM "none"
| #define VCS_CHECKOUT 0
| /* end confdefs.h.  */
| 
| int
| main ()
| {
| 
|   ;
|   return 0;
| }
configure:20124: result: no
configure:20159: checking whether C compiler accepts -Wpointer-arith
configure:20178: clang -c  -Wno-pragmas -Wall -Wno-strict-aliasing -Wextra -Wunknown-pragmas -Waddress -Warray-bounds -Wbad-function-cast -Wchar-subscripts -Wcomment -Wfloat-equal -Wformat-security -Wformat=2 -Wmissing-field-initializers -Wmissing-noreturn -Wmissing-prototypes -Wnested-externs  -Werror -Wpointer-arith  -fvisibility=hidden conftest.c >&5
configure:20178: $? = 0
configure:20187: result: yes
configure:20200: : CFLAGS="$CFLAGS $flag"
configure:20203: $? = 0
configure:20222: checking whether C compiler accepts -Wpointer-sign
configure:20241: clang -c  -Wno-pragmas -Wall -Wno-strict-aliasing -Wextra -Wunknown-pragmas -Waddress -Warray-bounds -Wbad-function-cast -Wchar-subscripts -Wcomment -Wfloat-equal -Wformat-security -Wformat=2 -Wmissing-field-initializers -Wmissing-noreturn -Wmissing-prototypes -Wnested-externs -Wpointer-arith  -Werror -Wpointer-sign  -fvisibility=hidden conftest.c >&5
configure:20241: $? = 0
configure:20250: result: yes
configure:20263: : CFLAGS="$CFLAGS $flag"
configure:20266: $? = 0
configure:20285: checking whether C compiler accepts -Wredundant-decls
configure:20304: clang -c  -Wno-pragmas -Wall -Wno-strict-aliasing -Wextra -Wunknown-pragmas -Waddress -Warray-bounds -Wbad-function-cast -Wchar-subscripts -Wcomment -Wfloat-equal -Wformat-security -Wformat=2 -Wmissing-field-initializers -Wmissing-noreturn -Wmissing-prototypes -Wnested-externs -Wpointer-arith -Wpointer-sign  -Werror -Wredundant-decls  -fvisibility=hidden conftest.c >&5
configure:20304: $? = 0
configure:20313: result: yes
configure:20326: : CFLAGS="$CFLAGS $flag"
configure:20329: $? = 0
configure:20348: checking whether C compiler accepts -Wshadow
configure:20367: clang -c  -Wno-pragmas -Wall -Wno-strict-aliasing -Wextra -Wunknown-pragmas -Waddress -Warray-bounds -Wbad-function-cast -Wchar-subscripts -Wcomment -Wfloat-equal -Wformat-security -Wformat=2 -Wmissing-field-initializers -Wmissing-noreturn -Wmissing-prototypes -Wnested-externs -Wpointer-arith -Wpointer-sign -Wredundant-decls  -Werror -Wshadow  -fvisibility=hidden conftest.c >&5
configure:20367: $? = 0
configure:20376: result: yes
configure:20389: : CFLAGS="$CFLAGS $flag"
configure:20392: $? = 0
configure:20411: checking whether C compiler accepts -Wshorten-64-to-32
configure:20430: clang -c  -Wno-pragmas -Wall -Wno-strict-aliasing -Wextra -Wunknown-pragmas -Waddress -Warray-bounds -Wbad-function-cast -Wchar-subscripts -Wcomment -Wfloat-equal -Wformat-security -Wformat=2 -Wmissing-field-initializers -Wmissing-noreturn -Wmissing-prototypes -Wnested-externs -Wpointer-arith -Wpointer-sign -Wredundant-decls -Wshadow  -Werror -Wshorten-64-to-32  -fvisibility=hidden conftest.c >&5
configure:20430: $? = 0
configure:20439: result: yes
configure:20452: : CFLAGS="$CFLAGS $flag"
configure:20455: $? = 0
configure:20474: checking whether C compiler accepts -Wsign-compare
configure:20493: clang -c  -Wno-pragmas -Wall -Wno-strict-aliasing -Wextra -Wunknown-pragmas -Waddress -Warray-bounds -Wbad-function-cast -Wchar-subscripts -Wcomment -Wfloat-equal -Wformat-security -Wformat=2 -Wmissing-field-initializers -Wmissing-noreturn -Wmissing-prototypes -Wnested-externs -Wpointer-arith -Wpointer-sign -Wredundant-decls -Wshadow -Wshorten-64-to-32  -Werror -Wsign-compare  -fvisibility=hidden conftest.c >&5
configure:20493: $? = 0
configure:20502: result: yes
configure:20515: : CFLAGS="$CFLAGS $flag"
configure:20518: $? = 0
configure:20537: checking whether C compiler accepts -Wstrict-overflow=1
configure:20556: clang -c  -Wno-pragmas -Wall -Wno-strict-aliasing -Wextra -Wunknown-pragmas -Waddress -Warray-bounds -Wbad-function-cast -Wchar-subscripts -Wcomment -Wfloat-equal -Wformat-security -Wformat=2 -Wmissing-field-initializers -Wmissing-noreturn -Wmissing-prototypes -Wnested-externs -Wpointer-arith -Wpointer-sign -Wredundant-decls -Wshadow -Wshorten-64-to-32 -Wsign-compare  -Werror -Wstrict-overflow=1  -fvisibility=hidden conftest.c >&5
configure:20556: $? = 0
configure:20565: result: yes
configure:20578: : CFLAGS="$CFLAGS $flag"
configure:20581: $? = 0
configure:20600: checking whether C compiler accepts -Wstrict-prototypes
configure:20619: clang -c  -Wno-pragmas -Wall -Wno-strict-aliasing -Wextra -Wunknown-pragmas -Waddress -Warray-bounds -Wbad-function-cast -Wchar-subscripts -Wcomment -Wfloat-equal -Wformat-security -Wformat=2 -Wmissing-field-initializers -Wmissing-noreturn -Wmissing-prototypes -Wnested-externs -Wpointer-arith -Wpointer-sign -Wredundant-decls -Wshadow -Wshorten-64-to-32 -Wsign-compare -Wstrict-overflow=1  -Werror -Wstrict-prototypes  -fvisibility=hidden conftest.c >&5
configure:20619: $? = 0
configure:20628: result: yes
configure:20641: : CFLAGS="$CFLAGS $flag"
configure:20644: $? = 0
configure:20663: checking whether C compiler accepts -Wswitch-enum
configure:20682: clang -c  -Wno-pragmas -Wall -Wno-strict-aliasing -Wextra -Wunknown-pragmas -Waddress -Warray-bounds -Wbad-function-cast -Wchar-subscripts -Wcomment -Wfloat-equal -Wformat-security -Wformat=2 -Wmissing-field-initializers -Wmissing-noreturn -Wmissing-prototypes -Wnested-externs -Wpointer-arith -Wpointer-sign -Wredundant-decls -Wshadow -Wshorten-64-to-32 -Wsign-compare -Wstrict-overflow=1 -Wstrict-prototypes  -Werror -Wswitch-enum  -fvisibility=hidden conftest.c >&5
configure:20682: $? = 0
configure:20691: result: yes
configure:20704: : CFLAGS="$CFLAGS $flag"
configure:20707: $? = 0
configure:20726: checking whether C compiler accepts -Wundef
configure:20745: clang -c  -Wno-pragmas -Wall -Wno-strict-aliasing -Wextra -Wunknown-pragmas -Waddress -Warray-bounds -Wbad-function-cast -Wchar-subscripts -Wcomment -Wfloat-equal -Wformat-security -Wformat=2 -Wmissing-field-initializers -Wmissing-noreturn -Wmissing-prototypes -Wnested-externs -Wpointer-arith -Wpointer-sign -Wredundant-decls -Wshadow -Wshorten-64-to-32 -Wsign-compare -Wstrict-overflow=1 -Wstrict-prototypes -Wswitch-enum  -Werror -Wundef  -fvisibility=hidden conftest.c >&5
configure:20745: $? = 0
configure:20754: result: yes
configure:20767: : CFLAGS="$CFLAGS $flag"
configure:20770: $? = 0
configure:20789: checking whether C compiler accepts -Wunused
configure:20808: clang -c  -Wno-pragmas -Wall -Wno-strict-aliasing -Wextra -Wunknown-pragmas -Waddress -Warray-bounds -Wbad-function-cast -Wchar-subscripts -Wcomment -Wfloat-equal -Wformat-security -Wformat=2 -Wmissing-field-initializers -Wmissing-noreturn -Wmissing-prototypes -Wnested-externs -Wpointer-arith -Wpointer-sign -Wredundant-decls -Wshadow -Wshorten-64-to-32 -Wsign-compare -Wstrict-overflow=1 -Wstrict-prototypes -Wswitch-enum -Wundef  -Werror -Wunused  -fvisibility=hidden conftest.c >&5
configure:20808: $? = 0
configure:20817: result: yes
configure:20830: : CFLAGS="$CFLAGS $flag"
configure:20833: $? = 0
configure:20852: checking whether C compiler accepts -Wunused-result
configure:20871: clang -c  -Wno-pragmas -Wall -Wno-strict-aliasing -Wextra -Wunknown-pragmas -Waddress -Warray-bounds -Wbad-function-cast -Wchar-subscripts -Wcomment -Wfloat-equal -Wformat-security -Wformat=2 -Wmissing-field-initializers -Wmissing-noreturn -Wmissing-prototypes -Wnested-externs -Wpointer-arith -Wpointer-sign -Wredundant-decls -Wshadow -Wshorten-64-to-32 -Wsign-compare -Wstrict-overflow=1 -Wstrict-prototypes -Wswitch-enum -Wundef -Wunused  -Werror -Wunused-result  -fvisibility=hidden conftest.c >&5
configure:20871: $? = 0
configure:20880: result: yes
configure:20893: : CFLAGS="$CFLAGS $flag"
configure:20896: $? = 0
configure:20915: checking whether C compiler accepts -Wunused-variable
configure:20934: clang -c  -Wno-pragmas -Wall -Wno-strict-aliasing -Wextra -Wunknown-pragmas -Waddress -Warray-bounds -Wbad-function-cast -Wchar-subscripts -Wcomment -Wfloat-equal -Wformat-security -Wformat=2 -Wmissing-field-initializers -Wmissing-noreturn -Wmissing-prototypes -Wnested-externs -Wpointer-arith -Wpointer-sign -Wredundant-decls -Wshadow -Wshorten-64-to-32 -Wsign-compare -Wstrict-overflow=1 -Wstrict-prototypes -Wswitch-enum -Wundef -Wunused -Wunused-result  -Werror -Wunused-variable  -fvisibility=hidden conftest.c >&5
configure:20934: $? = 0
configure:20943: result: yes
configure:20956: : CFLAGS="$CFLAGS $flag"
configure:20959: $? = 0
configure:20978: checking whether C compiler accepts -Wwrite-strings
configure:20997: clang -c  -Wno-pragmas -Wall -Wno-strict-aliasing -Wextra -Wunknown-pragmas -Waddress -Warray-bounds -Wbad-function-cast -Wchar-subscripts -Wcomment -Wfloat-equal -Wformat-security -Wformat=2 -Wmissing-field-initializers -Wmissing-noreturn -Wmissing-prototypes -Wnested-externs -Wpointer-arith -Wpointer-sign -Wredundant-decls -Wshadow -Wshorten-64-to-32 -Wsign-compare -Wstrict-overflow=1 -Wstrict-prototypes -Wswitch-enum -Wundef -Wunused -Wunused-result -Wunused-variable  -Werror -Wwrite-strings  -fvisibility=hidden conftest.c >&5
configure:20997: $? = 0
configure:21006: result: yes
configure:21019: : CFLAGS="$CFLAGS $flag"
configure:21022: $? = 0
configure:21041: checking whether C compiler accepts -fwrapv
configure:21060: clang -c  -Wno-pragmas -Wall -Wno-strict-aliasing -Wextra -Wunknown-pragmas -Waddress -Warray-bounds -Wbad-function-cast -Wchar-subscripts -Wcomment -Wfloat-equal -Wformat-security -Wformat=2 -Wmissing-field-initializers -Wmissing-noreturn -Wmissing-prototypes -Wnested-externs -Wpointer-arith -Wpointer-sign -Wredundant-decls -Wshadow -Wshorten-64-to-32 -Wsign-compare -Wstrict-overflow=1 -Wstrict-prototypes -Wswitch-enum -Wundef -Wunused -Wunused-result -Wunused-variable -Wwrite-strings  -Werror -fwrapv  -fvisibility=hidden conftest.c >&5
configure:21060: $? = 0
configure:21069: result: yes
configure:21082: : CFLAGS="$CFLAGS $flag"
configure:21085: $? = 0
configure:21134: result: creating polarttt-config - generic 0.1 for -lpolarttt
configure:21262: checking the number of available CPUs
configure:21305: result: 4 
configure:21318: adding automake macro support
configure:21322: creating aminclude.am
configure:21353: added jobserver support to make for 5 jobs
configure:21474: checking that generated files are newer than configure
configure:21480: result: done
configure:21523: creating ./config.status

## ---------------------- ##
## Running config.status. ##
## ---------------------- ##

This file was extended by polarTTT config.status 0.1, which was
generated by GNU Autoconf 2.69.  Invocation command line was

  CONFIG_FILES    = 
  CONFIG_HEADERS  = 
  CONFIG_LINKS    = 
  CONFIG_COMMANDS = 
  $ ./config.status 

on khimes-TravelMate-X483

config.status:1184: creating Makefile
config.status:1184: creating libs/version.h
config.status:1184: creating game/config.h
config.status:1365: game/config.h is unchanged
config.status:1413: executing depfiles commands
config.status:1413: executing libtool commands

## ---------------- ##
## Cache variables. ##
## ---------------- ##

ac_cv_build=i686-pc-linux-gnu
ac_cv_c_compiler_gnu=yes
ac_cv_c_int64_t=yes
ac_cv_cxx_compiler_gnu=yes
ac_cv_env_CCC_set=
ac_cv_env_CCC_value=
ac_cv_env_CC_set=set
ac_cv_env_CC_value=clang
ac_cv_env_CFLAGS_set=
ac_cv_env_CFLAGS_value=
ac_cv_env_CPPFLAGS_set=
ac_cv_env_CPPFLAGS_value=
ac_cv_env_CPP_set=
ac_cv_env_CPP_value=
ac_cv_env_CXXCPP_set=
ac_cv_env_CXXCPP_value=
ac_cv_env_CXXFLAGS_set=
ac_cv_env_CXXFLAGS_value=
ac_cv_env_CXX_set=
ac_cv_env_CXX_value=
ac_cv_env_LDFLAGS_set=
ac_cv_env_LDFLAGS_value=
ac_cv_env_LIBS_set=
ac_cv_env_LIBS_value=
ac_cv_env_build_alias_set=
ac_cv_env_build_alias_value=
ac_cv_env_host_alias_set=
ac_cv_env_host_alias_value=
ac_cv_env_target_alias_set=
ac_cv_env_target_alias_value=
ac_cv_func_alarm=yes
ac_cv_func_gettimeofday=yes
ac_cv_func_malloc_0_nonnull=yes
ac_cv_func_memset=yes
ac_cv_func_realloc_0_nonnull=yes
ac_cv_header_dlfcn_h=yes
ac_cv_header_inttypes_h=yes
ac_cv_header_memory_h=yes
ac_cv_header_stdc=yes
ac_cv_header_stdint_h=yes
ac_cv_header_stdlib_h=yes
ac_cv_header_string_h=yes
ac_cv_header_strings_h=yes
ac_cv_header_sys_stat_h=yes
ac_cv_header_sys_time_h=yes
ac_cv_header_sys_types_h=yes
ac_cv_header_termios_h=yes
ac_cv_header_unistd_h=yes
ac_cv_host=i686-pc-linux-gnu
ac_cv_objext=o
ac_cv_path_EGREP='/bin/grep -E'
ac_cv_path_FGREP='/bin/grep -F'
ac_cv_path_GREP=/bin/grep
ac_cv_path_SED=/bin/sed
ac_cv_path_install='/usr/bin/install -c'
ac_cv_path_mkdir=/bin/mkdir
ac_cv_prog_AWK=mawk
ac_cv_prog_CPP='clang -E'
ac_cv_prog_CXXCPP='g++ -E'
ac_cv_prog_ac_ct_AR=ar
ac_cv_prog_ac_ct_CC=clang
ac_cv_prog_ac_ct_CXX=g++
ac_cv_prog_ac_ct_MANIFEST_TOOL=mt
ac_cv_prog_ac_ct_OBJDUMP=objdump
ac_cv_prog_ac_ct_RANLIB=ranlib
ac_cv_prog_ac_ct_STRIP=strip
ac_cv_prog_cc_c89=
ac_cv_prog_cc_clang_c_o=yes
ac_cv_prog_cc_g=yes
ac_cv_prog_cxx_g=yes
ac_cv_prog_make_make_set=yes
ac_cv_sizeof_long=4
ac_cv_sizeof_long_long=8
ac_cv_vcs_checkout=no
ac_cv_vcs_system=none
ac_cv_warnings_as_errors=no
am_cv_CC_dependencies_compiler_type=gcc3
am_cv_CXX_dependencies_compiler_type=gcc3
am_cv_make_support_nested_variables=yes
am_cv_prog_cc_c_o=yes
am_cv_prog_tar_ustar=gnutar
ax_cv_PTHREAD_PRIO_INHERIT=yes
ax_cv_check_cflags__=yes
ax_cv_check_cflags__Waddress=yes
ax_cv_check_cflags__Wall=yes
ax_cv_check_cflags__Warray_bounds=yes
ax_cv_check_cflags__Wbad_function_cast=yes
ax_cv_check_cflags__Wchar_subscripts=yes
ax_cv_check_cflags__Wcomment=yes
ax_cv_check_cflags__Wextra=yes
ax_cv_check_cflags__Wfloat_equal=yes
ax_cv_check_cflags__Wformat_2=yes
ax_cv_check_cflags__Wformat_security=yes
ax_cv_check_cflags__Wmaybe_uninitialized=no
ax_cv_check_cflags__Wmissing_field_initializers=yes
ax_cv_check_cflags__Wmissing_noreturn=yes
ax_cv_check_cflags__Wmissing_prototypes=yes
ax_cv_check_cflags__Wnested_externs=yes
ax_cv_check_cflags__Wno_pragmas=yes
ax_cv_check_cflags__Wnormalized_id=no
ax_cv_check_cflags__Woverride_init=no
ax_cv_check_cflags__Wpointer_arith=yes
ax_cv_check_cflags__Wpointer_sign=yes
ax_cv_check_cflags__Wredundant_decls=yes
ax_cv_check_cflags__Wshadow=yes
ax_cv_check_cflags__Wshorten_64_to_32=yes
ax_cv_check_cflags__Wsign_compare=yes
ax_cv_check_cflags__Wstrict_overflow_1=yes
ax_cv_check_cflags__Wstrict_prototypes=yes
ax_cv_check_cflags__Wswitch_enum=yes
ax_cv_check_cflags__Wthis_test_should_fail=no
ax_cv_check_cflags__Wundef=yes
ax_cv_check_cflags__Wunknown_pragmas=yes
ax_cv_check_cflags__Wunused=yes
ax_cv_check_cflags__Wunused_result=yes
ax_cv_check_cflags__Wunused_variable=yes
ax_cv_check_cflags__Wwrite_strings=yes
ax_cv_check_cflags___Werror=yes
ax_cv_check_cflags___Wno_strict_aliasing=yes
ax_cv_check_cflags__fwrapv=yes
ax_cv_check_ldflags__=yes
ax_cv_check_ldflags___Werror=yes
ax_cv_check_ldflags__pie=yes
ax_cv_check_ldflags__z_relro__z_now=yes
gl_cv_cc_vis_werror=yes
gl_cv_cc_visibility=yes
lt_cv_ar_at_file=@
lt_cv_archive_cmds_need_lc=no
lt_cv_deplibs_check_method=pass_all
lt_cv_file_magic_cmd='$MAGIC_CMD'
lt_cv_file_magic_test_file=
lt_cv_ld_reload_flag=-r
lt_cv_nm_interface='BSD nm'
lt_cv_objdir=.libs
lt_cv_path_LD=/usr/bin/ld
lt_cv_path_LDCXX=/usr/bin/ld
lt_cv_path_NM='/usr/bin/nm -B'
lt_cv_path_mainfest_tool=no
lt_cv_prog_compiler_c_o=yes
lt_cv_prog_compiler_c_o_CXX=yes
lt_cv_prog_compiler_pic='-fPIC -DPIC'
lt_cv_prog_compiler_pic_CXX='-fPIC -DPIC'
lt_cv_prog_compiler_pic_works=yes
lt_cv_prog_compiler_pic_works_CXX=yes
lt_cv_prog_compiler_rtti_exceptions=yes
lt_cv_prog_compiler_static_works=yes
lt_cv_prog_compiler_static_works_CXX=yes
lt_cv_prog_gnu_ld=yes
lt_cv_prog_gnu_ldcxx=yes
lt_cv_sharedlib_from_linklib_cmd='printf %s\n'
lt_cv_shlibpath_overrides_runpath=no
lt_cv_sys_global_symbol_pipe='sed -n -e '\''s/^.*[	 ]\([ABCDGIRSTW][ABCDGIRSTW]*\)[	 ][	 ]*\([_A-Za-z][_A-Za-z0-9]*\)$/\1 \2 \2/p'\'' | sed '\''/ __gnu_lto/d'\'''
lt_cv_sys_global_symbol_to_c_name_address='sed -n -e '\''s/^: \([^ ]*\)[ ]*$/  {\"\1\", (void *) 0},/p'\'' -e '\''s/^[ABCDGIRSTW]* \([^ ]*\) \([^ ]*\)$/  {"\2", (void *) \&\2},/p'\'''
lt_cv_sys_global_symbol_to_c_name_address_lib_prefix='sed -n -e '\''s/^: \([^ ]*\)[ ]*$/  {\"\1\", (void *) 0},/p'\'' -e '\''s/^[ABCDGIRSTW]* \([^ ]*\) \(lib[^ ]*\)$/  {"\2", (void *) \&\2},/p'\'' -e '\''s/^[ABCDGIRSTW]* \([^ ]*\) \([^ ]*\)$/  {"lib\2", (void *) \&\2},/p'\'''
lt_cv_sys_global_symbol_to_cdecl='sed -n -e '\''s/^T .* \(.*\)$/extern int \1();/p'\'' -e '\''s/^[ABCDGIRSTW]* .* \(.*\)$/extern char \1;/p'\'''
lt_cv_sys_max_cmd_len=1572864
lt_cv_to_host_file_cmd=func_convert_file_noop
lt_cv_to_tool_file_cmd=func_convert_file_noop

## ----------------- ##
## Output variables. ##
## ----------------- ##

ACLOCAL='${SHELL} /home/khimes/school_fall_2014/mwf_1500_AI/polar_tic_tac_toe/kaleb_jacob_angelica/implementation/build-aux/missing aclocal-1.14'
AMDEPBACKSLASH='\'
AMDEP_FALSE='#'
AMDEP_TRUE=''
AMINCLUDE='aminclude.am'
AMTAR='$${TAR-tar}'
AM_BACKSLASH='\'
AM_CFLAGS='-DPOLARTTT_PTHREADS  -DNDEBUG -O2 -pthread -DSIZEOF_LONG_LONG=8'
AM_CPPFLAGS=' -fvisibility=hidden'
AM_DEFAULT_V='$(AM_DEFAULT_VERBOSITY)'
AM_DEFAULT_VERBOSITY='0'
AM_LDFLAGS=''
AM_V='$(V)'
AR='ar'
AUTOCONF='${SHELL} /home/khimes/school_fall_2014/mwf_1500_AI/polar_tic_tac_toe/kaleb_jacob_angelica/implementation/build-aux/missing autoconf'
AUTOHEADER='${SHELL} /home/khimes/school_fall_2014/mwf_1500_AI/polar_tic_tac_toe/kaleb_jacob_angelica/implementation/build-aux/missing autoheader'
AUTOMAKE='${SHELL} /home/khimes/school_fall_2014/mwf_1500_AI/polar_tic_tac_toe/kaleb_jacob_angelica/implementation/build-aux/missing automake-1.14'
AWK='mawk'
CC='clang'
CCDEPMODE='depmode=gcc3'
CFLAGS=' -Wno-pragmas -Wall -Wno-strict-aliasing -Wextra -Wunknown-pragmas -Waddress -Warray-bounds -Wbad-function-cast -Wchar-subscripts -Wcomment -Wfloat-equal -Wformat-security -Wformat=2 -Wmissing-field-initializers -Wmissing-noreturn -Wmissing-prototypes -Wnested-externs -Wpointer-arith -Wpointer-sign -Wredundant-decls -Wshadow -Wshorten-64-to-32 -Wsign-compare -Wstrict-overflow=1 -Wstrict-prototypes -Wswitch-enum -Wundef -Wunused -Wunused-result -Wunused-variable -Wwrite-strings -fwrapv '
CFLAG_VISIBILITY='-fvisibility=hidden'
CPP='clang -E'
CPPFLAGS=' -fvisibility=hidden'
CXX='g++'
CXXCPP='g++ -E'
CXXDEPMODE='depmode=gcc3'
CXXFLAGS='-g -O2'
CYGPATH_W='echo'
DEBUG_FALSE=''
DEBUG_TRUE='#'
DEFS='-DHAVE_CONFIG_H'
DEPDIR='.deps'
DLLTOOL='false'
DSYMUTIL=''
DUMPBIN=''
ECHO_C=''
ECHO_N='-n'
ECHO_T=''
EGREP='/bin/grep -E'
EXEEXT=''
FGREP='/bin/grep -F'
GENERIC_CONFIG='polarttt-config'
GREP='/bin/grep'
HAVE_VISIBILITY='1'
HEX_VERSION='0x00001000'
INC_AMINCLUDE='include $(top_builddir)/aminclude.am'
INSTALL_DATA='${INSTALL} -m 644'
INSTALL_PROGRAM='${INSTALL}'
INSTALL_SCRIPT='${INSTALL}'
INSTALL_STRIP_PROGRAM='$(install_sh) -c -s'
IS_VCS_CHECKOUT_FALSE=''
IS_VCS_CHECKOUT_TRUE='#'
LD='/usr/bin/ld'
LDFLAGS=''
LIBOBJS=''
LIBS=' '
LIBTOOL='$(SHELL) $(top_builddir)/libtool'
LIPO=''
LN_S='ln -s'
LTLIBOBJS=''
MAKEINFO='${SHELL} /home/khimes/school_fall_2014/mwf_1500_AI/polar_tic_tac_toe/kaleb_jacob_angelica/implementation/build-aux/missing makeinfo'
MANIFEST_TOOL=':'
MCHECK=''
MKDIR_P='/bin/mkdir -p'
NM='/usr/bin/nm -B'
NMEDIT=''
OBJDUMP='objdump'
OBJEXT='o'
OTOOL64=''
OTOOL=''
PACKAGE='polarttt'
PACKAGE_BUGREPORT='https://github.com/kaleb-himes/kaleb_jacob_angelica'
PACKAGE_NAME='polarTTT'
PACKAGE_STRING='polarTTT 0.1'
PACKAGE_TARNAME='polarttt'
PACKAGE_URL=''
PACKAGE_VERSION='0.1'
PATH_SEPARATOR=':'
POLARTTT_LIBRARY_VERSION='1:0:0'
PTHREAD_CC='clang'
PTHREAD_CFLAGS='-pthread'
PTHREAD_LIBS=''
RANLIB='ranlib'
SED='/bin/sed'
SET_MAKE=''
SHELL='/bin/bash'
STRIP='strip'
VERSION='0.1'
ac_ct_AR='ar'
ac_ct_CC='clang'
ac_ct_CXX='g++'
ac_ct_DUMPBIN=''
am__EXEEXT_FALSE=''
am__EXEEXT_TRUE='#'
am__fastdepCC_FALSE='#'
am__fastdepCC_TRUE=''
am__fastdepCXX_FALSE='#'
am__fastdepCXX_TRUE=''
am__include='include'
am__isrc=''
am__leading_dot='.'
am__nodep='_no'
am__quote=''
am__tar='tar --format=ustar -chf - "$$tardir"'
am__untar='tar -xf -'
ax_pthread_config=''
bindir='${exec_prefix}/bin'
build='i686-pc-linux-gnu'
build_alias=''
build_cpu='i686'
build_os='linux-gnu'
build_vendor='pc'
datadir='${datarootdir}'
datarootdir='${prefix}/share'
docdir='${datarootdir}/doc/${PACKAGE_TARNAME}'
dvidir='${docdir}'
exec_prefix='${prefix}'
host='i686-pc-linux-gnu'
host_alias=''
host_cpu='i686'
host_os='linux-gnu'
host_vendor='pc'
htmldir='${docdir}'
includedir='${prefix}/include'
infodir='${datarootdir}/info'
install_sh='${SHELL} /home/khimes/school_fall_2014/mwf_1500_AI/polar_tic_tac_toe/kaleb_jacob_angelica/implementation/build-aux/install-sh'
libdir='${exec_prefix}/lib'
libexecdir='${exec_prefix}/libexec'
localedir='${datarootdir}/locale'
localstatedir='${prefix}/var'
mandir='${datarootdir}/man'
mkdir_p='$(MKDIR_P)'
oldincludedir='/usr/include'
pdfdir='${docdir}'
prefix='/usr/local'
program_transform_name='s,x,x,'
psdir='${docdir}'
sbindir='${exec_prefix}/sbin'
sharedstatedir='${prefix}/com'
sysconfdir='${prefix}/etc'
target_alias=''

## ----------- ##
## confdefs.h. ##
## ----------- ##

/* confdefs.h */
#define PACKAGE_NAME "polarTTT"
#define PACKAGE_TARNAME "polarttt"
#define PACKAGE_VERSION "0.1"
#define PACKAGE_STRING "polarTTT 0.1"
#define PACKAGE_BUGREPORT "https://github.com/kaleb-himes/kaleb_jacob_angelica"
#define PACKAGE_URL ""
#define STDC_HEADERS 1
#define HAVE_SYS_TYPES_H 1
#define HAVE_SYS_STAT_H 1
#define HAVE_STDLIB_H 1
#define HAVE_STRING_H 1
#define HAVE_MEMORY_H 1
#define HAVE_STRINGS_H 1
#define HAVE_INTTYPES_H 1
#define HAVE_STDINT_H 1
#define HAVE_UNISTD_H 1
#define HAVE_DLFCN_H 1
#define LT_OBJDIR ".libs/"
#define HAVE_VISIBILITY 1
#define STDC_HEADERS 1
#define SIZEOF_LONG 4
#define SIZEOF_LONG_LONG 8
#define HAVE_GETTIMEOFDAY 1
#define HAVE_MEMSET 1
#define HAVE_ALARM 1
#define HAVE_SYS_TIME_H 1
#define HAVE_STRING_H 1
#define HAVE_TERMIOS_H 1
#define HAVE_UNISTD_H 1
#define HAVE_STDLIB_H 1
#define HAVE_MALLOC 1
#define HAVE_STDLIB_H 1
#define HAVE_REALLOC 1
#define DEBUG 0
#define HAVE_PTHREAD_PRIO_INHERIT 1
#define HAVE_PTHREAD 1
#define VCS_SYSTEM "none"
#define VCS_CHECKOUT 0

configure: exit 0
